[2014-04-04 20:07:27] [info]  [ 1212] Commons Daemon procrun (1.0.15.0 64-bit) started
[2014-04-04 20:07:27] [info]  [ 1212] Running 'elasticsearch-service-x64' Service...
[2014-04-04 20:07:27] [info]  [ 1320] Starting service...
[2014-04-04 20:07:28] [info]  [ 1320] Service started in 1314 ms.
[2014-04-04 20:18:15] [info]  [ 5124] Console SHUTDOWN event signaled
[2014-04-04 20:18:15] [info]  [ 5124] Stopping service...
[2014-04-04 20:18:16] [info]  [ 1212] Run service finished.
[2014-04-04 20:18:16] [info]  [ 1212] Commons Daemon procrun finished
[2014-04-04 20:18:51] [info]  [ 1472] Commons Daemon procrun (1.0.15.0 64-bit) started
[2014-04-04 20:18:51] [info]  [ 1472] Running 'elasticsearch-service-x64' Service...
[2014-04-04 20:18:51] [info]  [ 1676] Starting service...
[2014-04-04 20:18:52] [info]  [ 1676] Service started in 1176 ms.
[2014-04-04 20:29:04] [info]  [ 7700] Console SHUTDOWN event signaled
[2014-04-04 20:29:04] [info]  [ 7700] Stopping service...
[2014-04-04 20:29:04] [info]  [ 1472] Run service finished.
[2014-04-04 20:29:04] [info]  [ 1472] Commons Daemon procrun finished
[2014-04-04 20:29:39] [info]  [ 1472] Commons Daemon procrun (1.0.15.0 64-bit) started
[2014-04-04 20:29:39] [info]  [ 1472] Running 'elasticsearch-service-x64' Service...
[2014-04-04 20:29:39] [info]  [ 1924] Starting service...
[2014-04-04 20:29:40] [info]  [ 1924] Service started in 1178 ms.
[2014-04-04 20:39:52] [info]  [ 6100] Console SHUTDOWN event signaled
[2014-04-04 20:39:52] [info]  [ 6100] Stopping service...
[2014-04-04 20:39:52] [info]  [ 1472] Run service finished.
[2014-04-04 20:39:52] [info]  [ 1472] Commons Daemon procrun finished
[2014-04-04 20:40:26] [info]  [ 1432] Commons Daemon procrun (1.0.15.0 64-bit) started
[2014-04-04 20:40:26] [info]  [ 1432] Running 'elasticsearch-service-x64' Service...
[2014-04-04 20:40:26] [info]  [ 1784] Starting service...
[2014-04-04 20:40:28] [info]  [ 1784] Service started in 1178 ms.
