[2014-04-15 06:58:52] [info]  [ 1420] Commons Daemon procrun (1.0.15.0 64-bit) started
[2014-04-15 06:58:52] [info]  [ 1420] Running 'elasticsearch-service-x64' Service...
[2014-04-15 06:58:52] [info]  [ 1576] Starting service...
[2014-04-15 06:58:53] [info]  [ 1576] Service started in 1167 ms.
[2014-04-15 21:46:45] [info]  [15024] Console SHUTDOWN event signaled
[2014-04-15 21:46:45] [info]  [15024] Stopping service...
[2014-04-15 21:46:45] [info]  [ 1420] Run service finished.
[2014-04-15 21:46:45] [info]  [ 1420] Commons Daemon procrun finished
[2014-04-15 21:47:18] [info]  [ 1400] Commons Daemon procrun (1.0.15.0 64-bit) started
[2014-04-15 21:47:18] [info]  [ 1400] Running 'elasticsearch-service-x64' Service...
[2014-04-15 21:47:18] [info]  [ 1672] Starting service...
[2014-04-15 21:47:19] [info]  [ 1672] Service started in 1105 ms.
[2014-04-15 23:44:39] [info]  [ 5760] Console SHUTDOWN event signaled
[2014-04-15 23:44:39] [info]  [ 5760] Stopping service...
[2014-04-15 23:44:39] [info]  [ 1400] Run service finished.
[2014-04-15 23:44:39] [info]  [ 1400] Commons Daemon procrun finished
[2014-04-15 23:45:15] [info]  [ 1380] Commons Daemon procrun (1.0.15.0 64-bit) started
[2014-04-15 23:45:16] [info]  [ 1380] Running 'elasticsearch-service-x64' Service...
[2014-04-15 23:45:16] [info]  [ 1440] Starting service...
[2014-04-15 23:45:17] [info]  [ 1440] Service started in 1164 ms.
