[2014-05-21 11:06:30,043][WARN ][transport.netty          ] [Darkoth] exception caught on transport layer [[id: 0x9be2c2c1]], closing connection
java.net.NoRouteToHostException: No route to host: no further information
	at sun.nio.ch.SocketChannelImpl.checkConnect(Native Method)
	at sun.nio.ch.SocketChannelImpl.finishConnect(SocketChannelImpl.java:735)
	at org.elasticsearch.common.netty.channel.socket.nio.NioClientBoss.connect(NioClientBoss.java:150)
	at org.elasticsearch.common.netty.channel.socket.nio.NioClientBoss.processSelectedKeys(NioClientBoss.java:105)
	at org.elasticsearch.common.netty.channel.socket.nio.NioClientBoss.process(NioClientBoss.java:79)
	at org.elasticsearch.common.netty.channel.socket.nio.AbstractNioSelector.run(AbstractNioSelector.java:318)
	at org.elasticsearch.common.netty.channel.socket.nio.NioClientBoss.run(NioClientBoss.java:42)
	at org.elasticsearch.common.netty.util.ThreadRenamingRunnable.run(ThreadRenamingRunnable.java:108)
	at org.elasticsearch.common.netty.util.internal.DeadLockProofWorker$1.run(DeadLockProofWorker.java:42)
	at java.util.concurrent.ThreadPoolExecutor.runWorker(ThreadPoolExecutor.java:1145)
	at java.util.concurrent.ThreadPoolExecutor$Worker.run(ThreadPoolExecutor.java:615)
	at java.lang.Thread.run(Thread.java:724)
[2014-05-21 11:06:40,059][WARN ][transport.netty          ] [Darkoth] exception caught on transport layer [[id: 0x27d1a953]], closing connection
java.net.NoRouteToHostException: No route to host: no further information
	at sun.nio.ch.SocketChannelImpl.checkConnect(Native Method)
	at sun.nio.ch.SocketChannelImpl.finishConnect(SocketChannelImpl.java:735)
	at org.elasticsearch.common.netty.channel.socket.nio.NioClientBoss.connect(NioClientBoss.java:150)
	at org.elasticsearch.common.netty.channel.socket.nio.NioClientBoss.processSelectedKeys(NioClientBoss.java:105)
	at org.elasticsearch.common.netty.channel.socket.nio.NioClientBoss.process(NioClientBoss.java:79)
	at org.elasticsearch.common.netty.channel.socket.nio.AbstractNioSelector.run(AbstractNioSelector.java:318)
	at org.elasticsearch.common.netty.channel.socket.nio.NioClientBoss.run(NioClientBoss.java:42)
	at org.elasticsearch.common.netty.util.ThreadRenamingRunnable.run(ThreadRenamingRunnable.java:108)
	at org.elasticsearch.common.netty.util.internal.DeadLockProofWorker$1.run(DeadLockProofWorker.java:42)
	at java.util.concurrent.ThreadPoolExecutor.runWorker(ThreadPoolExecutor.java:1145)
	at java.util.concurrent.ThreadPoolExecutor$Worker.run(ThreadPoolExecutor.java:615)
	at java.lang.Thread.run(Thread.java:724)
[2014-05-21 11:06:40,059][WARN ][transport.netty          ] [Darkoth] exception caught on transport layer [[id: 0x53213fb6]], closing connection
java.net.NoRouteToHostException: No route to host: no further information
	at sun.nio.ch.SocketChannelImpl.checkConnect(Native Method)
	at sun.nio.ch.SocketChannelImpl.finishConnect(SocketChannelImpl.java:735)
	at org.elasticsearch.common.netty.channel.socket.nio.NioClientBoss.connect(NioClientBoss.java:150)
	at org.elasticsearch.common.netty.channel.socket.nio.NioClientBoss.processSelectedKeys(NioClientBoss.java:105)
	at org.elasticsearch.common.netty.channel.socket.nio.NioClientBoss.process(NioClientBoss.java:79)
	at org.elasticsearch.common.netty.channel.socket.nio.AbstractNioSelector.run(AbstractNioSelector.java:318)
	at org.elasticsearch.common.netty.channel.socket.nio.NioClientBoss.run(NioClientBoss.java:42)
	at org.elasticsearch.common.netty.util.ThreadRenamingRunnable.run(ThreadRenamingRunnable.java:108)
	at org.elasticsearch.common.netty.util.internal.DeadLockProofWorker$1.run(DeadLockProofWorker.java:42)
	at java.util.concurrent.ThreadPoolExecutor.runWorker(ThreadPoolExecutor.java:1145)
	at java.util.concurrent.ThreadPoolExecutor$Worker.run(ThreadPoolExecutor.java:615)
	at java.lang.Thread.run(Thread.java:724)
[2014-05-21 11:06:40,059][WARN ][transport.netty          ] [Darkoth] exception caught on transport layer [[id: 0xd456f55f]], closing connection
java.net.NoRouteToHostException: No route to host: no further information
	at sun.nio.ch.SocketChannelImpl.checkConnect(Native Method)
	at sun.nio.ch.SocketChannelImpl.finishConnect(SocketChannelImpl.java:735)
	at org.elasticsearch.common.netty.channel.socket.nio.NioClientBoss.connect(NioClientBoss.java:150)
	at org.elasticsearch.common.netty.channel.socket.nio.NioClientBoss.processSelectedKeys(NioClientBoss.java:105)
	at org.elasticsearch.common.netty.channel.socket.nio.NioClientBoss.process(NioClientBoss.java:79)
	at org.elasticsearch.common.netty.channel.socket.nio.AbstractNioSelector.run(AbstractNioSelector.java:318)
	at org.elasticsearch.common.netty.channel.socket.nio.NioClientBoss.run(NioClientBoss.java:42)
	at org.elasticsearch.common.netty.util.ThreadRenamingRunnable.run(ThreadRenamingRunnable.java:108)
	at org.elasticsearch.common.netty.util.internal.DeadLockProofWorker$1.run(DeadLockProofWorker.java:42)
	at java.util.concurrent.ThreadPoolExecutor.runWorker(ThreadPoolExecutor.java:1145)
	at java.util.concurrent.ThreadPoolExecutor$Worker.run(ThreadPoolExecutor.java:615)
	at java.lang.Thread.run(Thread.java:724)
[2014-05-21 11:06:50,075][WARN ][transport.netty          ] [Darkoth] exception caught on transport layer [[id: 0x81965be8]], closing connection
java.net.NoRouteToHostException: No route to host: no further information
	at sun.nio.ch.SocketChannelImpl.checkConnect(Native Method)
	at sun.nio.ch.SocketChannelImpl.finishConnect(SocketChannelImpl.java:735)
	at org.elasticsearch.common.netty.channel.socket.nio.NioClientBoss.connect(NioClientBoss.java:150)
	at org.elasticsearch.common.netty.channel.socket.nio.NioClientBoss.processSelectedKeys(NioClientBoss.java:105)
	at org.elasticsearch.common.netty.channel.socket.nio.NioClientBoss.process(NioClientBoss.java:79)
	at org.elasticsearch.common.netty.channel.socket.nio.AbstractNioSelector.run(AbstractNioSelector.java:318)
	at org.elasticsearch.common.netty.channel.socket.nio.NioClientBoss.run(NioClientBoss.java:42)
	at org.elasticsearch.common.netty.util.ThreadRenamingRunnable.run(ThreadRenamingRunnable.java:108)
	at org.elasticsearch.common.netty.util.internal.DeadLockProofWorker$1.run(DeadLockProofWorker.java:42)
	at java.util.concurrent.ThreadPoolExecutor.runWorker(ThreadPoolExecutor.java:1145)
	at java.util.concurrent.ThreadPoolExecutor$Worker.run(ThreadPoolExecutor.java:615)
	at java.lang.Thread.run(Thread.java:724)
[2014-05-21 11:06:50,075][WARN ][transport.netty          ] [Darkoth] exception caught on transport layer [[id: 0x5a1a3a74]], closing connection
java.net.NoRouteToHostException: No route to host: no further information
	at sun.nio.ch.SocketChannelImpl.checkConnect(Native Method)
	at sun.nio.ch.SocketChannelImpl.finishConnect(SocketChannelImpl.java:735)
	at org.elasticsearch.common.netty.channel.socket.nio.NioClientBoss.connect(NioClientBoss.java:150)
	at org.elasticsearch.common.netty.channel.socket.nio.NioClientBoss.processSelectedKeys(NioClientBoss.java:105)
	at org.elasticsearch.common.netty.channel.socket.nio.NioClientBoss.process(NioClientBoss.java:79)
	at org.elasticsearch.common.netty.channel.socket.nio.AbstractNioSelector.run(AbstractNioSelector.java:318)
	at org.elasticsearch.common.netty.channel.socket.nio.NioClientBoss.run(NioClientBoss.java:42)
	at org.elasticsearch.common.netty.util.ThreadRenamingRunnable.run(ThreadRenamingRunnable.java:108)
	at org.elasticsearch.common.netty.util.internal.DeadLockProofWorker$1.run(DeadLockProofWorker.java:42)
	at java.util.concurrent.ThreadPoolExecutor.runWorker(ThreadPoolExecutor.java:1145)
	at java.util.concurrent.ThreadPoolExecutor$Worker.run(ThreadPoolExecutor.java:615)
	at java.lang.Thread.run(Thread.java:724)
[2014-05-21 11:06:50,075][WARN ][transport.netty          ] [Darkoth] exception caught on transport layer [[id: 0x2138489b]], closing connection
java.net.NoRouteToHostException: No route to host: no further information
	at sun.nio.ch.SocketChannelImpl.checkConnect(Native Method)
	at sun.nio.ch.SocketChannelImpl.finishConnect(SocketChannelImpl.java:735)
	at org.elasticsearch.common.netty.channel.socket.nio.NioClientBoss.connect(NioClientBoss.java:150)
	at org.elasticsearch.common.netty.channel.socket.nio.NioClientBoss.processSelectedKeys(NioClientBoss.java:105)
	at org.elasticsearch.common.netty.channel.socket.nio.NioClientBoss.process(NioClientBoss.java:79)
	at org.elasticsearch.common.netty.channel.socket.nio.AbstractNioSelector.run(AbstractNioSelector.java:318)
	at org.elasticsearch.common.netty.channel.socket.nio.NioClientBoss.run(NioClientBoss.java:42)
	at org.elasticsearch.common.netty.util.ThreadRenamingRunnable.run(ThreadRenamingRunnable.java:108)
	at org.elasticsearch.common.netty.util.internal.DeadLockProofWorker$1.run(DeadLockProofWorker.java:42)
	at java.util.concurrent.ThreadPoolExecutor.runWorker(ThreadPoolExecutor.java:1145)
	at java.util.concurrent.ThreadPoolExecutor$Worker.run(ThreadPoolExecutor.java:615)
	at java.lang.Thread.run(Thread.java:724)
[2014-05-21 11:08:23,174][WARN ][cluster.service          ] [Darkoth] failed to reconnect to node [Darkoth][5zqONcfoQrO1aTA94vE0Iw][inet[/192.168.1.5:9300]]
org.elasticsearch.transport.ConnectTransportException: [Darkoth][inet[/192.168.1.5:9300]] connect_timeout[30s]
	at org.elasticsearch.transport.netty.NettyTransport.connectToChannels(NettyTransport.java:711)
	at org.elasticsearch.transport.netty.NettyTransport.connectToNode(NettyTransport.java:640)
	at org.elasticsearch.transport.netty.NettyTransport.connectToNode(NettyTransport.java:608)
	at org.elasticsearch.transport.TransportService.connectToNode(TransportService.java:129)
	at org.elasticsearch.cluster.service.InternalClusterService$ReconnectToNodes.run(InternalClusterService.java:507)
	at java.util.concurrent.ThreadPoolExecutor.runWorker(ThreadPoolExecutor.java:1145)
	at java.util.concurrent.ThreadPoolExecutor$Worker.run(ThreadPoolExecutor.java:615)
	at java.lang.Thread.run(Thread.java:724)
Caused by: java.net.ConnectException: Connection timed out: no further information: /192.168.1.5:9300
	at sun.nio.ch.SocketChannelImpl.checkConnect(Native Method)
	at sun.nio.ch.SocketChannelImpl.finishConnect(SocketChannelImpl.java:735)
	at org.elasticsearch.common.netty.channel.socket.nio.NioClientBoss.connect(NioClientBoss.java:150)
	at org.elasticsearch.common.netty.channel.socket.nio.NioClientBoss.processSelectedKeys(NioClientBoss.java:105)
	at org.elasticsearch.common.netty.channel.socket.nio.NioClientBoss.process(NioClientBoss.java:79)
	at org.elasticsearch.common.netty.channel.socket.nio.AbstractNioSelector.run(AbstractNioSelector.java:318)
	at org.elasticsearch.common.netty.channel.socket.nio.NioClientBoss.run(NioClientBoss.java:42)
	at org.elasticsearch.common.netty.util.ThreadRenamingRunnable.run(ThreadRenamingRunnable.java:108)
	at org.elasticsearch.common.netty.util.internal.DeadLockProofWorker$1.run(DeadLockProofWorker.java:42)
	... 3 more
[2014-05-21 11:11:29,391][WARN ][cluster.service          ] [Darkoth] failed to reconnect to node [Darkoth][5zqONcfoQrO1aTA94vE0Iw][inet[/192.168.1.5:9300]]
org.elasticsearch.transport.ConnectTransportException: [Darkoth][inet[/192.168.1.5:9300]] connect_timeout[30s]
	at org.elasticsearch.transport.netty.NettyTransport.connectToChannels(NettyTransport.java:711)
	at org.elasticsearch.transport.netty.NettyTransport.connectToNode(NettyTransport.java:640)
	at org.elasticsearch.transport.netty.NettyTransport.connectToNode(NettyTransport.java:608)
	at org.elasticsearch.transport.TransportService.connectToNode(TransportService.java:129)
	at org.elasticsearch.cluster.service.InternalClusterService$ReconnectToNodes.run(InternalClusterService.java:507)
	at java.util.concurrent.ThreadPoolExecutor.runWorker(ThreadPoolExecutor.java:1145)
	at java.util.concurrent.ThreadPoolExecutor$Worker.run(ThreadPoolExecutor.java:615)
	at java.lang.Thread.run(Thread.java:724)
Caused by: java.net.ConnectException: Connection timed out: no further information: /192.168.1.5:9300
	at sun.nio.ch.SocketChannelImpl.checkConnect(Native Method)
	at sun.nio.ch.SocketChannelImpl.finishConnect(SocketChannelImpl.java:735)
	at org.elasticsearch.common.netty.channel.socket.nio.NioClientBoss.connect(NioClientBoss.java:150)
	at org.elasticsearch.common.netty.channel.socket.nio.NioClientBoss.processSelectedKeys(NioClientBoss.java:105)
	at org.elasticsearch.common.netty.channel.socket.nio.NioClientBoss.process(NioClientBoss.java:79)
	at org.elasticsearch.common.netty.channel.socket.nio.AbstractNioSelector.run(AbstractNioSelector.java:318)
	at org.elasticsearch.common.netty.channel.socket.nio.NioClientBoss.run(NioClientBoss.java:42)
	at org.elasticsearch.common.netty.util.ThreadRenamingRunnable.run(ThreadRenamingRunnable.java:108)
	at org.elasticsearch.common.netty.util.internal.DeadLockProofWorker$1.run(DeadLockProofWorker.java:42)
	... 3 more
